[01m[K/home/jishnu/robotics/ros-git/ros2-for-beginners-udemy-course/ros2_ws/src/my_cpp_pkg/src/cpp_oops_node.cpp:10:2:[m[K [01;31m[Kerror: [m[Kexpected â€˜[01m[K;[m[Kâ€™ after class definition
   10 | }
      |  [01;31m[K^[m[K
      |  [32m[K;[m[K
gmake[2]: *** [CMakeFiles/cpp_oops_node.dir/build.make:76: CMakeFiles/cpp_oops_node.dir/src/cpp_oops_node.cpp.o] Error 1
gmake[1]: *** [CMakeFiles/Makefile2:165: CMakeFiles/cpp_oops_node.dir/all] Error 2
gmake: *** [Makefile:146: all] Error 2
