-- Found ament_cmake: 1.3.3 (/opt/ros/humble/share/ament_cmake/cmake)
-- Found rclcpp: 16.0.2 (/opt/ros/humble/share/rclcpp/cmake)
-- Found rosidl_generator_c: 3.1.4 (/opt/ros/humble/share/rosidl_generator_c/cmake)
-- Found rosidl_adapter: 3.1.4 (/opt/ros/humble/share/rosidl_adapter/cmake)
-- Found rosidl_generator_cpp: 3.1.4 (/opt/ros/humble/share/rosidl_generator_cpp/cmake)
-- Using all available rosidl_typesupport_c: rosidl_typesupport_fastrtps_c;rosidl_typesupport_introspection_c
-- Using all available rosidl_typesupport_cpp: rosidl_typesupport_fastrtps_cpp;rosidl_typesupport_introspection_cpp
-- Found rmw_implementation_cmake: 6.1.1 (/opt/ros/humble/share/rmw_implementation_cmake/cmake)
-- Found rmw_fastrtps_cpp: 6.2.2 (/opt/ros/humble/share/rmw_fastrtps_cpp/cmake)
-- Using RMW implementation 'rmw_fastrtps_cpp' as default
-- Found ament_lint_auto: 0.12.4 (/opt/ros/humble/share/ament_lint_auto/cmake)
-- Added test 'cppcheck' to perform static code analysis on C / C++ code
-- Configured cppcheck include dirs: 
-- Configured cppcheck exclude dirs and/or files: 
-- Added test 'lint_cmake' to check CMake code style
-- Added test 'uncrustify' to check C / C++ code style
-- Configured uncrustify additional arguments: 
-- Added test 'xmllint' to check XML markup files
-- Configuring done
-- Generating done
-- Build files have been written to: /home/jishnu/robotics/ros-git/ros2-for-beginners-udemy-course/ros2_ws/src/build/my_cpp_pkg
[35m[1mConsolidate compiler generated dependencies of target cpp_node[0m
[ 25%] [32mBuilding CXX object CMakeFiles/cpp_oops_node.dir/src/cpp_oops_node.cpp.o[0m
[ 75%] Built target cpp_node
[01m[K/home/jishnu/robotics/ros-git/ros2-for-beginners-udemy-course/ros2_ws/src/my_cpp_pkg/src/cpp_oops_node.cpp:[m[K In function â€˜[01m[Kint main(int, char**)[m[Kâ€™:
[01m[K/home/jishnu/robotics/ros-git/ros2-for-beginners-udemy-course/ros2_ws/src/my_cpp_pkg/src/cpp_oops_node.cpp:6:20:[m[K [01;31m[Kerror: [m[Kfound â€˜[01m[K:[m[Kâ€™ in nested-name-specifier, expected â€˜[01m[K::[m[Kâ€™
    6 |     auto node = std[01;31m[K:[m[Kmake_shared<rclcpp::Node>("cpp_opps_test");
      |                    [01;31m[K^[m[K
      |                    [32m[K::[m[K
gmake[2]: *** [CMakeFiles/cpp_oops_node.dir/build.make:76: CMakeFiles/cpp_oops_node.dir/src/cpp_oops_node.cpp.o] Error 1
gmake[1]: *** [CMakeFiles/Makefile2:165: CMakeFiles/cpp_oops_node.dir/all] Error 2
gmake: *** [Makefile:146: all] Error 2
