[35m[1mConsolidate compiler generated dependencies of target polygon_plugins[0m
[ 50%] [32mBuilding CXX object CMakeFiles/polygon_plugins.dir/src/polygon_plugins.cpp.o[0m
[01m[K/home/jishnu/project/ros2-project/projects/workspace/src/polygon_plugins/src/polygon_plugins.cpp:58:4:[m[K [01;31m[Kerror: [m[Kexpected â€˜[01m[K;[m[Kâ€™ after class definition
   58 |   }
      |    [01;31m[K^[m[K
      |    [32m[K;[m[K
gmake[2]: *** [CMakeFiles/polygon_plugins.dir/build.make:76: CMakeFiles/polygon_plugins.dir/src/polygon_plugins.cpp.o] Error 1
gmake[1]: *** [CMakeFiles/Makefile2:137: CMakeFiles/polygon_plugins.dir/all] Error 2
gmake: *** [Makefile:146: all] Error 2
