[0.019s] Invoking command in '/home/jishnu/project/ros2-project/projects/workspace/build/more_interfaces': CMAKE_PREFIX_PATH=${CMAKE_PREFIX_PATH}:/home/jishnu/project/ros2-project/projects/workspace/install/py_pubsub:/home/jishnu/project/ros2-project/projects/workspace/install/ros_test_package:/home/jishnu/project/ros2-project/projects/workspace/install/py_srvcli:/home/jishnu/project/ros2-project/projects/workspace/install/my_package:/opt/ros/humble /usr/bin/cmake --build /home/jishnu/project/ros2-project/projects/workspace/build/more_interfaces -- -j8 -l8
[0.076s] [  6%] Built target more_interfaces__cpp
[0.076s] [ 12%] Built target more_interfaces__rosidl_generator_c
[0.087s] [ 12%] Built target ament_cmake_python_copy_more_interfaces
[0.105s] [ 39%] Built target more_interfaces__rosidl_typesupport_fastrtps_cpp
[0.105s] [ 39%] Built target more_interfaces__rosidl_typesupport_introspection_c
[0.105s] [ 39%] Built target more_interfaces__rosidl_typesupport_c
[0.105s] [ 48%] Built target more_interfaces__rosidl_typesupport_fastrtps_c
[0.106s] [ 57%] Built target more_interfaces__rosidl_typesupport_cpp
[0.106s] [ 66%] Built target more_interfaces__rosidl_typesupport_introspection_cpp
[0.122s] [35m[1mConsolidate compiler generated dependencies of target publish_motor_driver[0m
[0.130s] [ 66%] Built target more_interfaces
[0.141s] [ 69%] [32mBuilding CXX object CMakeFiles/publish_motor_driver.dir/src/publish_motor_driver.cpp.o[0m
[0.150s] [ 72%] Built target more_interfaces__py
[0.172s] [ 78%] Built target more_interfaces__rosidl_generator_py
[0.194s] [ 84%] Built target more_interfaces__rosidl_typesupport_c__pyext
[0.195s] [ 90%] Built target more_interfaces__rosidl_typesupport_introspection_c__pyext
[0.203s] [ 96%] Built target more_interfaces__rosidl_typesupport_fastrtps_c__pyext
[0.427s] running egg_info
[0.428s] writing more_interfaces.egg-info/PKG-INFO
[0.428s] writing dependency_links to more_interfaces.egg-info/dependency_links.txt
[0.428s] writing top-level names to more_interfaces.egg-info/top_level.txt
[0.432s] reading manifest file 'more_interfaces.egg-info/SOURCES.txt'
[0.433s] writing manifest file 'more_interfaces.egg-info/SOURCES.txt'
[0.469s] [ 96%] Built target ament_cmake_python_build_more_interfaces_egg
[2.972s] [01m[K/home/jishnu/project/ros2-project/projects/workspace/src/more_interfaces/src/publish_motor_driver.cpp:[m[K In lambda function:
[2.972s] [01m[K/home/jishnu/project/ros2-project/projects/workspace/src/more_interfaces/src/publish_motor_driver.cpp:29:43:[m[K [01;31m[Kerror: [m[Kâ€˜[01m[Kusing SharedPtr = class std::shared_ptr<rclcpp::Publisher<more_interfaces::msg::MotorDriver_<std::allocator<void> > > >[m[Kâ€™ {aka â€˜[01m[Kclass std::shared_ptr<rclcpp::Publisher<more_interfaces::msg::MotorDriver_<std::allocator<void> > > >[m[Kâ€™} has no member named â€˜[01m[Kpublish[m[Kâ€™
[2.972s]    29 |             this->motor_driver_publisher_.[01;31m[Kpublish[m[K(message);
[2.972s]       |                                           [01;31m[K^~~~~~~[m[K
[3.916s] gmake[2]: *** [CMakeFiles/publish_motor_driver.dir/build.make:76: CMakeFiles/publish_motor_driver.dir/src/publish_motor_driver.cpp.o] Error 1
[3.917s] gmake[1]: *** [CMakeFiles/Makefile2:593: CMakeFiles/publish_motor_driver.dir/all] Error 2
[3.917s] gmake: *** [Makefile:146: all] Error 2
[3.920s] Invoked command in '/home/jishnu/project/ros2-project/projects/workspace/build/more_interfaces' returned '2': CMAKE_PREFIX_PATH=${CMAKE_PREFIX_PATH}:/home/jishnu/project/ros2-project/projects/workspace/install/py_pubsub:/home/jishnu/project/ros2-project/projects/workspace/install/ros_test_package:/home/jishnu/project/ros2-project/projects/workspace/install/py_srvcli:/home/jishnu/project/ros2-project/projects/workspace/install/my_package:/opt/ros/humble /usr/bin/cmake --build /home/jishnu/project/ros2-project/projects/workspace/build/more_interfaces -- -j8 -l8
