[0.042s] Invoking command in '/home/jishnu/project/ros2-project/projects/workspace/build/more_interfaces': CMAKE_PREFIX_PATH=/opt/ros/humble /usr/bin/cmake --build /home/jishnu/project/ros2-project/projects/workspace/build/more_interfaces -- -j8 -l8
[0.161s] -- Found ament_cmake: 1.3.2 (/opt/ros/humble/share/ament_cmake/cmake)
[0.260s] -- Found Python3: /usr/bin/python3.10 (found version "3.10.6") found components: Interpreter 
[0.414s] -- Found rosidl_default_generators: 1.2.0 (/opt/ros/humble/share/rosidl_default_generators/cmake)
[0.423s] -- Using all available rosidl_typesupport_c: rosidl_typesupport_fastrtps_c;rosidl_typesupport_introspection_c
[0.432s] -- Found rosidl_adapter: 3.1.3 (/opt/ros/humble/share/rosidl_adapter/cmake)
[0.486s] -- Using all available rosidl_typesupport_cpp: rosidl_typesupport_fastrtps_cpp;rosidl_typesupport_introspection_cpp
[0.531s] -- Found rclcpp: 16.0.1 (/opt/ros/humble/share/rclcpp/cmake)
[0.655s] -- Found rmw_implementation_cmake: 6.1.0 (/opt/ros/humble/share/rmw_implementation_cmake/cmake)
[0.657s] -- Found rmw_fastrtps_cpp: 6.2.1 (/opt/ros/humble/share/rmw_fastrtps_cpp/cmake)
[0.821s] -- Using RMW implementation 'rmw_fastrtps_cpp' as default
[1.057s] -- Found ament_lint_auto: 0.12.4 (/opt/ros/humble/share/ament_lint_auto/cmake)
[1.359s] [31mCMake Error at /opt/ros/humble/share/rosidl_adapter/cmake/rosidl_adapt_interfaces.cmake:59 (message):
[1.359s]   execute_process(/usr/bin/python3.10 -m rosidl_adapter --package-name
[1.359s]   more_interfaces --arguments-file
[1.359s]   /home/jishnu/project/ros2-project/projects/workspace/build/more_interfaces/rosidl_adapter__arguments__more_interfaces.json
[1.359s]   --output-dir
[1.359s]   /home/jishnu/project/ros2-project/projects/workspace/build/more_interfaces/rosidl_adapter/more_interfaces
[1.360s]   --output-file
[1.360s]   /home/jishnu/project/ros2-project/projects/workspace/build/more_interfaces/rosidl_adapter/more_interfaces.idls)
[1.360s]   returned error code 1:
[1.360s] 
[1.360s]   Error processing 'unint8 rot_ang' of 'more_interfaces/MotorDriver':
[1.360s]   ''unint8' is an invalid message name.  It should have the pattern
[1.360s]   '^[A-Z][A-Za-z0-9]*$''
[1.360s] 
[1.360s]   Traceback (most recent call last):
[1.360s] 
[1.360s]     File "/usr/lib/python3.10/runpy.py", line 196, in _run_module_as_main
[1.361s]       return _run_code(code, main_globals, None,
[1.361s]     File "/usr/lib/python3.10/runpy.py", line 86, in _run_code
[1.361s]       exec(code, run_globals)
[1.361s]     File "/opt/ros/humble/local/lib/python3.10/dist-packages/rosidl_adapter/__main__.py", line 19, in <module>
[1.361s]       sys.exit(main())
[1.361s]     File "/opt/ros/humble/local/lib/python3.10/dist-packages/rosidl_adapter/main.py", line 53, in main
[1.361s]       abs_idl_file = convert_to_idl(
[1.361s]     File "/opt/ros/humble/local/lib/python3.10/dist-packages/rosidl_adapter/__init__.py", line 19, in convert_to_idl
[1.361s]       return convert_msg_to_idl(
[1.361s]     File "/opt/ros/humble/local/lib/python3.10/dist-packages/rosidl_adapter/msg/__init__.py", line 28, in convert_msg_to_idl
[1.361s]       msg = parse_message_string(package_name, input_file.stem, content)
[1.361s]     File "/opt/ros/humble/local/lib/python3.10/dist-packages/rosidl_adapter/parser.py", line 520, in parse_message_string
[1.362s]       Type(type_string, context_package_name=pkg_name),
[1.362s]     File "/opt/ros/humble/local/lib/python3.10/dist-packages/rosidl_adapter/parser.py", line 277, in __init__
[1.362s]       super(Type, self).__init__(
[1.362s]     File "/opt/ros/humble/local/lib/python3.10/dist-packages/rosidl_adapter/parser.py", line 205, in __init__
[1.362s]       raise InvalidResourceName(
[1.362s] 
[1.362s]   rosidl_adapter.parser.InvalidResourceName: 'unint8' is an invalid message
[1.362s]   name.  It should have the pattern '^[A-Z][A-Za-z0-9]*$'
[1.362s] 
[1.362s] Call Stack (most recent call first):
[1.362s]   /opt/ros/humble/share/rosidl_cmake/cmake/rosidl_generate_interfaces.cmake:130 (rosidl_adapt_interfaces)
[1.362s]   CMakeLists.txt:27 (rosidl_generate_interfaces)
[1.363s] 
[1.363s] [0m
[1.363s] -- Configuring incomplete, errors occurred!
[1.363s] See also "/home/jishnu/project/ros2-project/projects/workspace/build/more_interfaces/CMakeFiles/CMakeOutput.log".
[1.367s] gmake: *** [Makefile:788: cmake_check_build_system] Error 1
[1.369s] Invoked command in '/home/jishnu/project/ros2-project/projects/workspace/build/more_interfaces' returned '2': CMAKE_PREFIX_PATH=/opt/ros/humble /usr/bin/cmake --build /home/jishnu/project/ros2-project/projects/workspace/build/more_interfaces -- -j8 -l8
