[01m[K/home/jishnu/project/ros2-project/projects/workspace/src/polygon_base/src/area_node.cpp:[m[K In function â€˜[01m[Kint main(int, char**)[m[Kâ€™:
[01m[K/home/jishnu/project/ros2-project/projects/workspace/src/polygon_base/src/area_node.cpp:22:64:[m[K [01;31m[Kerror: [m[Kexpected â€˜[01m[K,[m[Kâ€™ or â€˜[01m[K;[m[Kâ€™ before â€˜[01m[Kprintf[m[Kâ€™
   22 |                                                                [01;31m[Kprintf[m[K("Triangle area: %.2f\n", triangle->area());
      |                                                                [01;31m[K^~~~~~[m[K
gmake[2]: *** [CMakeFiles/area_node.dir/build.make:76: CMakeFiles/area_node.dir/src/area_node.cpp.o] Error 1
gmake[1]: *** [CMakeFiles/Makefile2:137: CMakeFiles/area_node.dir/all] Error 2
gmake: *** [Makefile:146: all] Error 2
