[0.023s] Invoking command in '/home/jishnu/project/ros2-project/projects/workspace/build/more_interfaces': CMAKE_PREFIX_PATH=/opt/ros/humble /usr/bin/cmake --build /home/jishnu/project/ros2-project/projects/workspace/build/more_interfaces -- -j8 -l8
[0.074s] [  3%] Built target more_interfaces__cpp
[0.074s] [ 12%] Built target more_interfaces__rosidl_generator_c
[0.084s] [ 12%] Built target ament_cmake_python_copy_more_interfaces
[0.098s] [ 30%] Built target more_interfaces__rosidl_typesupport_introspection_cpp
[0.098s] [ 30%] Built target more_interfaces__rosidl_typesupport_cpp
[0.099s] [ 39%] Built target more_interfaces__rosidl_typesupport_fastrtps_cpp
[0.108s] [ 48%] Built target more_interfaces__rosidl_typesupport_c
[0.110s] [ 57%] Built target more_interfaces__rosidl_typesupport_introspection_c
[0.112s] [ 66%] Built target more_interfaces__rosidl_typesupport_fastrtps_c
[0.121s] [ 69%] [32mBuilding CXX object CMakeFiles/publish_motor_driver.dir/src/publish_motor_driver.cpp.o[0m
[0.139s] [ 69%] Built target more_interfaces
[0.158s] [ 72%] Built target more_interfaces__py
[0.179s] [ 78%] Built target more_interfaces__rosidl_generator_py
[0.201s] [ 84%] Built target more_interfaces__rosidl_typesupport_c__pyext
[0.201s] [ 90%] Built target more_interfaces__rosidl_typesupport_introspection_c__pyext
[0.208s] [ 96%] Built target more_interfaces__rosidl_typesupport_fastrtps_c__pyext
[0.446s] running egg_info
[0.447s] writing more_interfaces.egg-info/PKG-INFO
[0.447s] writing dependency_links to more_interfaces.egg-info/dependency_links.txt
[0.447s] writing top-level names to more_interfaces.egg-info/top_level.txt
[0.450s] reading manifest file 'more_interfaces.egg-info/SOURCES.txt'
[0.451s] writing manifest file 'more_interfaces.egg-info/SOURCES.txt'
[0.481s] [ 96%] Built target ament_cmake_python_build_more_interfaces_egg
[3.215s] [01m[K/home/jishnu/project/ros2-project/projects/workspace/src/more_interfaces/src/publish_motor_driver.cpp:7:37:[m[K [01;31m[Kerror: [m[Kexpected â€˜[01m[K;[m[Kâ€™ before â€˜[01m[Kclass[m[Kâ€™
[3.215s]     7 | using namespace std::chrono_literals
[3.216s]       |                                     [01;31m[K^[m[K
[3.216s]       |                                     [32m[K;[m[K
[3.216s]     8 | 
[3.216s]     9 |     [32m[Kclass[m[K MotorDriverPublisher : public rclcpp::Node
[3.216s]       |     [32m[K~~~~~[m[K                            
[3.233s] [01m[K/home/jishnu/project/ros2-project/projects/workspace/src/more_interfaces/src/publish_motor_driver.cpp:35:23:[m[K [01;31m[Kerror: [m[Kâ€˜[01m[Kmore_interface[m[Kâ€™ was not declared in this scope; did you mean â€˜[01m[Kmore_interfaces[m[Kâ€™?
[3.233s]    35 |     rclcpp::Publisher<[01;31m[Kmore_interface[m[K::msg::MotorDriver>::SharedPtr motor_driver_publisher_;
[3.233s]       |                       [01;31m[K^~~~~~~~~~~~~~[m[K
[3.233s]       |                       [32m[Kmore_interfaces[m[K
[3.233s] [01m[K/home/jishnu/project/ros2-project/projects/workspace/src/more_interfaces/src/publish_motor_driver.cpp:35:55:[m[K [01;31m[Kerror: [m[Ktemplate argument 1 is invalid
[3.233s]    35 |     rclcpp::Publisher<more_interface::msg::MotorDriver[01;31m[K>[m[K::SharedPtr motor_driver_publisher_;
[3.233s]       |                                                       [01;31m[K^[m[K
[3.234s] [01m[K/home/jishnu/project/ros2-project/projects/workspace/src/more_interfaces/src/publish_motor_driver.cpp:35:58:[m[K [01;31m[Kerror: [m[Kexpected â€˜[01m[K;[m[Kâ€™ at end of member declaration
[3.234s]    35 |     rclcpp::Publisher<more_interface::msg::MotorDriver>::[01;31m[KSharedPtr[m[K motor_driver_publisher_;
[3.234s]       |                                                          [01;31m[K^~~~~~~~~[m[K
[3.234s]       |                                                                   [32m[K;[m[K
[3.237s] [01m[K/home/jishnu/project/ros2-project/projects/workspace/src/more_interfaces/src/publish_motor_driver.cpp:35:68:[m[K [01;31m[Kerror: [m[Kâ€˜[01m[Kmotor_driver_publisher_[m[Kâ€™ does not name a type; did you mean â€˜[01m[KMotorDriverPublisher[m[Kâ€™?
[3.237s]    35 |     rclcpp::Publisher<more_interface::msg::MotorDriver>::SharedPtr [01;31m[Kmotor_driver_publisher_[m[K;
[3.237s]       |                                                                    [01;31m[K^~~~~~~~~~~~~~~~~~~~~~~[m[K
[3.238s]       |                                                                    [32m[KMotorDriverPublisher[m[K
[3.238s] [01m[K/home/jishnu/project/ros2-project/projects/workspace/src/more_interfaces/src/publish_motor_driver.cpp:37:2:[m[K [01;31m[Kerror: [m[Kexpected â€˜[01m[K;[m[Kâ€™ after class definition
[3.238s]    37 | }
[3.238s]       |  [01;31m[K^[m[K
[3.238s]       |  [32m[K;[m[K
[3.250s] [01m[K/home/jishnu/project/ros2-project/projects/workspace/src/more_interfaces/src/publish_motor_driver.cpp:[m[K In constructor â€˜[01m[KMotorDriverPublisher::MotorDriverPublisher()[m[Kâ€™:
[3.250s] [01m[K/home/jishnu/project/ros2-project/projects/workspace/src/more_interfaces/src/publish_motor_driver.cpp:15:9:[m[K [01;31m[Kerror: [m[Kâ€˜[01m[Kmotor_driver_publisher_[m[Kâ€™ was not declared in this scope; did you mean â€˜[01m[KMotorDriverPublisher[m[Kâ€™?
[3.250s]    15 |         [01;31m[Kmotor_driver_publisher_[m[K =
[3.250s]       |         [01;31m[K^~~~~~~~~~~~~~~~~~~~~~~[m[K
[3.250s]       |         [32m[KMotorDriverPublisher[m[K
[3.257s] [01m[K/home/jishnu/project/ros2-project/projects/workspace/src/more_interfaces/src/publish_motor_driver.cpp:16:36:[m[K [01;31m[Kerror: [m[Kâ€˜[01m[Kmore_interface[m[Kâ€™ was not declared in this scope; did you mean â€˜[01m[Kmore_interfaces[m[Kâ€™?
[3.257s]    16 |             this->create_publisher<[01;31m[Kmore_interface[m[K::msg::MotorDriver>("motor_driver", 10);
[3.257s]       |                                    [01;31m[K^~~~~~~~~~~~~~[m[K
[3.257s]       |                                    [32m[Kmore_interfaces[m[K
[3.258s] [01m[K/home/jishnu/project/ros2-project/projects/workspace/src/more_interfaces/src/publish_motor_driver.cpp:16:19:[m[K [01;31m[Kerror: [m[Kparse error in template argument list
[3.258s]    16 |             this->[01;31m[Kcreate_publisher<more_interface::msg::MotorDriver>[m[K("motor_driver", 10);
[3.258s]       |                   [01;31m[K^~~~~~~~~~~~~~~~~~~~~~~~~~~~~~~~~~~~~~~~~~~~~~~~~~[m[K
[3.258s] [01m[K/home/jishnu/project/ros2-project/projects/workspace/src/more_interfaces/src/publish_motor_driver.cpp:16:69:[m[K [01;31m[Kerror: [m[Kno matching function for call to â€˜[01m[KMotorDriverPublisher::create_publisher<<expression error> >(const char [13], int)[m[Kâ€™
[3.258s]    16 |             [01;31m[Kthis->create_publisher<more_interface::msg::MotorDriver>("motor_driver", 10)[m[K;
[3.258s]       |             [01;31m[K~~~~~~~~~~~~~~~~~~~~~~~~~~~~~~~~~~~~~~~~~~~~~~~~~~~~~~~~^~~~~~~~~~~~~~~~~~~~[m[K
[3.259s] In file included from [01m[K/opt/ros/humble/include/rclcpp/rclcpp/executors/single_threaded_executor.hpp:28[m[K,
[3.259s]                  from [01m[K/opt/ros/humble/include/rclcpp/rclcpp/executors.hpp:22[m[K,
[3.259s]                  from [01m[K/opt/ros/humble/include/rclcpp/rclcpp/rclcpp.hpp:155[m[K,
[3.259s]                  from [01m[K/home/jishnu/project/ros2-project/projects/workspace/src/more_interfaces/src/publish_motor_driver.cpp:4[m[K:
[3.259s] [01m[K/opt/ros/humble/include/rclcpp/rclcpp/node.hpp:195:3:[m[K [01;36m[Knote: [m[Kcandidate: â€˜[01m[Ktemplate<class MessageT, class AllocatorT, class PublisherT> std::shared_ptr<PublisherT> rclcpp::Node::create_publisher(const string&, const rclcpp::QoS&, const rclcpp::PublisherOptionsWithAllocator<AllocatorT>&)[m[Kâ€™
[3.259s]   195 |   [01;36m[Kcreate_publisher[m[K(
[3.259s]       |   [01;36m[K^~~~~~~~~~~~~~~~[m[K
[3.260s] [01m[K/opt/ros/humble/include/rclcpp/rclcpp/node.hpp:195:3:[m[K [01;36m[Knote: [m[K  template argument deduction/substitution failed:
[3.260s] [01m[K/home/jishnu/project/ros2-project/projects/workspace/src/more_interfaces/src/publish_motor_driver.cpp:16:69:[m[K [01;31m[Kerror: [m[Ktemplate argument 1 is invalid
[3.260s]    16 |             [01;31m[Kthis->create_publisher<more_interface::msg::MotorDriver>("motor_driver", 10)[m[K;
[3.260s]       |             [01;31m[K~~~~~~~~~~~~~~~~~~~~~~~~~~~~~~~~~~~~~~~~~~~~~~~~~~~~~~~~^~~~~~~~~~~~~~~~~~~~[m[K
[3.260s] [01m[K/home/jishnu/project/ros2-project/projects/workspace/src/more_interfaces/src/publish_motor_driver.cpp:[m[K In lambda function:
[3.260s] [01m[K/home/jishnu/project/ros2-project/projects/workspace/src/more_interfaces/src/publish_motor_driver.cpp:20:28:[m[K [01;31m[Kerror: [m[Kâ€˜[01m[Kmore_interface[m[Kâ€™ is not a class, namespace, or enumeration
[3.260s]    20 |             auto message = [01;31m[Kmore_interface[m[K::msg::MotorDriver();
[3.261s]       |                            [01;31m[K^~~~~~~~~~~~~~[m[K
[3.261s] [01m[K/home/jishnu/project/ros2-project/projects/workspace/src/more_interfaces/src/publish_motor_driver.cpp:29:19:[m[K [01;31m[Kerror: [m[Kâ€˜[01m[Kclass MotorDriverPublisher[m[Kâ€™ has no member named â€˜[01m[Kmotor_driver_publisher_[m[Kâ€™; did you mean â€˜[01m[KMotorDriverPublisher[m[Kâ€™?
[3.261s]    29 |             this->[01;31m[Kmotor_driver_publisher_[m[K->publish(message);
[3.261s]       |                   [01;31m[K^~~~~~~~~~~~~~~~~~~~~~~[m[K
[3.261s]       |                   [32m[KMotorDriverPublisher[m[K
[3.892s] gmake[2]: *** [CMakeFiles/publish_motor_driver.dir/build.make:76: CMakeFiles/publish_motor_driver.dir/src/publish_motor_driver.cpp.o] Error 1
[3.892s] gmake[1]: *** [CMakeFiles/Makefile2:593: CMakeFiles/publish_motor_driver.dir/all] Error 2
[3.893s] gmake: *** [Makefile:146: all] Error 2
[3.895s] Invoked command in '/home/jishnu/project/ros2-project/projects/workspace/build/more_interfaces' returned '2': CMAKE_PREFIX_PATH=/opt/ros/humble /usr/bin/cmake --build /home/jishnu/project/ros2-project/projects/workspace/build/more_interfaces -- -j8 -l8
