<?xml version="1.0" encoding="utf-8"?><testsuites><testsuite name="pytest" errors="0" failures="0" skipped="0" tests="3" time="0.756" timestamp="2022-09-16T10:52:22.026273" hostname="Legion"><testcase classname="examples_rclpy_executors.executors.test.test_copyright" name="test_copyright" time="0.395" /><testcase classname="examples_rclpy_executors.executors.test.test_flake8" name="test_flake8" time="0.201" /><testcase classname="examples_rclpy_executors.executors.test.test_pep257" name="test_pep257" time="0.066" /></testsuite></testsuites>