[35m[1mConsolidate compiler generated dependencies of target cpp_oops_node[0m
[ 50%] Built target cpp_node
[ 75%] [32mBuilding CXX object CMakeFiles/cpp_oops_node.dir/src/cpp_oops_node.cpp.o[0m
[01m[K/home/jishnu/robotics/ros-git/ros2-for-beginners-udemy-course/ros2_ws/src/my_cpp_pkg/src/cpp_oops_node.cpp:[m[K In member function â€˜[01m[Kvoid MyNode::timerCallback()[m[Kâ€™:
[01m[K/home/jishnu/robotics/ros-git/ros2-for-beginners-udemy-course/ros2_ws/src/my_cpp_pkg/src/cpp_oops_node.cpp:18:5:[m[K [01;31m[Kerror: [m[Kexpected â€˜[01m[K;[m[Kâ€™ before â€˜[01m[K}[m[Kâ€™ token
   18 |     [01;31m[K}[m[K
      |     [01;31m[K^[m[K
gmake[2]: *** [CMakeFiles/cpp_oops_node.dir/build.make:76: CMakeFiles/cpp_oops_node.dir/src/cpp_oops_node.cpp.o] Error 1
gmake[1]: *** [CMakeFiles/Makefile2:165: CMakeFiles/cpp_oops_node.dir/all] Error 2
gmake: *** [Makefile:146: all] Error 2
